=== IO INPUT ===
  io[0] in : hex=[ffffffff aaaaaaaa 80000000 11111111] str="ػ"
=== TRACE (tick: signals | registers | mnemonic) ===
     0                                          | d0=00000000 d1=00000000 d2=00000000 d3=00000000 a0=00000000 a1=00000000 a2=00000000 a3=00000000 sp=00000000 fp=00000000 br=00000000 ar=00000000 dr=00000000 pc=00000000 nzvc=0
     1 m5_2 im_read                             | d0=00000000 d1=00000000 d2=00000000 d3=00000000 a0=00000000 a1=00000000 a2=00000000 a3=00000000 sp=00000000 fp=00000000 br=00000000 ar=00000000 dr=00000000 pc=00000000 nzvc=0
     2                                          | d0=00000000 d1=00000000 d2=00000000 d3=00000000 a0=00000000 a1=00000000 a2=00000000 a3=00000000 sp=00000000 fp=00000000 br=00000000 ar=00000000 dr=00000000 pc=00000000 nzvc=0
     3 m5_2 im_read                             | d0=00000000 d1=00000000 d2=00000000 d3=00000000 a0=00000000 a1=00000000 a2=00000000 a3=00000000 sp=00000000 fp=00000000 br=00000000 ar=00000000 dr=00000000 pc=00000000 nzvc=0
     4                                          | d0=00000000 d1=00000000 d2=00000000 d3=00000000 a0=00000000 a1=00000000 a2=00000000 a3=00000000 sp=00000000 fp=00000000 br=00000000 ar=00000000 dr=00000000 pc=00000000 nzvc=0
     5 m5_2 im_read                             | d0=00000000 d1=00000000 d2=00000000 d3=00000000 a0=00000000 a1=00000000 a2=00000000 a3=00000000 sp=00000000 fp=00000000 br=00000000 ar=00000000 dr=00000000 pc=00000000 nzvc=0
     6                                          | d0=00000000 d1=00000000 d2=00000000 d3=00000000 a0=00000000 a1=00000000 a2=00000000 a3=00000000 sp=00000000 fp=00000000 br=00000000 ar=00000000 dr=00000000 pc=00000000 nzvc=0
     7 m5_2 sum_shrt latch_br latch_pc          | d0=00000000 d1=00000000 d2=00000000 d3=00000000 a0=00000000 a1=00000000 a2=00000000 a3=00000000 sp=00000000 fp=00000000 br=00009032 ar=00000000 dr=00000000 pc=00000002 nzvc=0
     8                                          | d0=00000000 d1=00000000 d2=00000000 d3=00000000 a0=00000000 a1=00000000 a2=00000000 a3=00000000 sp=00000000 fp=00000000 br=00009032 ar=00000000 dr=00000000 pc=00000002 nzvc=0  ; mov.l #1, (A0)
     9                                          | d0=00000000 d1=00000000 d2=00000000 d3=00000000 a0=00000000 a1=00000000 a2=00000000 a3=00000000 sp=00000000 fp=00000000 br=00009032 ar=00000000 dr=00000000 pc=00000002 nzvc=0
    10                                          | d0=00000000 d1=00000000 d2=00000000 d3=00000000 a0=00000000 a1=00000000 a2=00000000 a3=00000000 sp=00000000 fp=00000000 br=00009032 ar=00000000 dr=00000000 pc=00000002 nzvc=0
    11                                          | d0=00000000 d1=00000000 d2=00000000 d3=00000000 a0=00000000 a1=00000000 a2=00000000 a3=00000000 sp=00000000 fp=00000000 br=00009032 ar=00000000 dr=00000000 pc=00000002 nzvc=0
    12                                          | d0=00000000 d1=00000000 d2=00000000 d3=00000000 a0=00000000 a1=00000000 a2=00000000 a3=00000000 sp=00000000 fp=00000000 br=00009032 ar=00000000 dr=00000000 pc=00000002 nzvc=0
    13                                          | d0=00000000 d1=00000000 d2=00000000 d3=00000000 a0=00000000 a1=00000000 a2=00000000 a3=00000000 sp=00000000 fp=00000000 br=00009032 ar=00000000 dr=00000000 pc=00000002 nzvc=0
    14                                          | d0=00000000 d1=00000000 d2=00000000 d3=00000000 a0=00000000 a1=00000000 a2=00000000 a3=00000000 sp=00000000 fp=00000000 br=00009032 ar=00000000 dr=00000000 pc=00000002 nzvc=0
    15                                          | d0=00000000 d1=00000000 d2=00000000 d3=00000000 a0=00000000 a1=00000000 a2=00000000 a3=00000000 sp=00000000 fp=00000000 br=00009032 ar=00000000 dr=00000000 pc=00000002 nzvc=0
    16                                          | d0=00000000 d1=00000000 d2=00000000 d3=00000000 a0=00000000 a1=00000000 a2=00000000 a3=00000000 sp=00000000 fp=00000000 br=00009032 ar=00000000 dr=00000000 pc=00000002 nzvc=0
    17                                          | d0=00000000 d1=00000000 d2=00000000 d3=00000000 a0=00000000 a1=00000000 a2=00000000 a3=00000000 sp=00000000 fp=00000000 br=00009032 ar=00000000 dr=00000000 pc=00000002 nzvc=0
    18 m5_1 im_read                             | d0=00000000 d1=00000000 d2=00000000 d3=00000000 a0=00000000 a1=00000000 a2=00000000 a3=00000000 sp=00000000 fp=00000000 br=00009032 ar=00000000 dr=00000000 pc=00000002 nzvc=0
    19                                          | d0=00000000 d1=00000000 d2=00000000 d3=00000000 a0=00000000 a1=00000000 a2=00000000 a3=00000000 sp=00000000 fp=00000000 br=00009032 ar=00000000 dr=00000000 pc=00000002 nzvc=0
    20 m5_1 im_read                             | d0=00000000 d1=00000000 d2=00000000 d3=00000000 a0=00000000 a1=00000000 a2=00000000 a3=00000000 sp=00000000 fp=00000000 br=00009032 ar=00000000 dr=00000000 pc=00000002 nzvc=0
    21                                          | d0=00000000 d1=00000000 d2=00000000 d3=00000000 a0=00000000 a1=00000000 a2=00000000 a3=00000000 sp=00000000 fp=00000000 br=00009032 ar=00000000 dr=00000000 pc=00000002 nzvc=0
    22 m5_1 im_read                             | d0=00000000 d1=00000000 d2=00000000 d3=00000000 a0=00000000 a1=00000000 a2=00000000 a3=00000000 sp=00000000 fp=00000000 br=00009032 ar=00000000 dr=00000000 pc=00000002 nzvc=0
    23                                          | d0=00000000 d1=00000000 d2=00000000 d3=00000000 a0=00000000 a1=00000000 a2=00000000 a3=00000000 sp=00000000 fp=00000000 br=00009032 ar=00000000 dr=00000000 pc=00000002 nzvc=0
    24 m5_1 sum_shrt latch_br latch_pc          | d0=00000000 d1=00000000 d2=00000000 d3=00000000 a0=00000000 a1=00000000 a2=00000000 a3=00000000 sp=00000000 fp=00000000 br=00000004 ar=00000000 dr=00000000 pc=00000003 nzvc=0
    25                                          | d0=00000000 d1=00000000 d2=00000000 d3=00000000 a0=00000000 a1=00000000 a2=00000000 a3=00000000 sp=00000000 fp=00000000 br=00000004 ar=00000000 dr=00000000 pc=00000003 nzvc=0
    26 m1_a0 latch_op1                          | d0=00000000 d1=00000000 d2=00000000 d3=00000000 a0=00000000 a1=00000000 a2=00000000 a3=00000000 sp=00000000 fp=00000000 br=00000004 ar=00000000 dr=00000000 pc=00000003 nzvc=0
    27 alu_pass latch_alu_res latch_ar          | d0=00000000 d1=00000000 d2=00000000 d3=00000000 a0=00000000 a1=00000000 a2=00000000 a3=00000000 sp=00000000 fp=00000000 br=00000004 ar=00000000 dr=00000000 pc=00000003 nzvc=0
    28                                          | d0=00000000 d1=00000000 d2=00000000 d3=00000000 a0=00000000 a1=00000000 a2=00000000 a3=00000000 sp=00000000 fp=00000000 br=00000004 ar=00000000 dr=00000000 pc=00000003 nzvc=0
    29                                          | d0=00000000 d1=00000000 d2=00000000 d3=00000000 a0=00000000 a1=00000000 a2=00000000 a3=00000000 sp=00000000 fp=00000000 br=00000004 ar=00000000 dr=00000000 pc=00000003 nzvc=0
    30                                          | d0=00000000 d1=00000000 d2=00000000 d3=00000000 a0=00000000 a1=00000000 a2=00000000 a3=00000000 sp=00000000 fp=00000000 br=00000004 ar=00000000 dr=00000000 pc=00000003 nzvc=0
    31                                          | d0=00000000 d1=00000000 d2=00000000 d3=00000000 a0=00000000 a1=00000000 a2=00000000 a3=00000000 sp=00000000 fp=00000000 br=00000004 ar=00000000 dr=00000000 pc=00000003 nzvc=0
    32                                          | d0=00000000 d1=00000000 d2=00000000 d3=00000000 a0=00000000 a1=00000000 a2=00000000 a3=00000000 sp=00000000 fp=00000000 br=00000004 ar=00000000 dr=00000000 pc=00000003 nzvc=0
    33                                          | d0=00000000 d1=00000000 d2=00000000 d3=00000000 a0=00000000 a1=00000000 a2=00000000 a3=00000000 sp=00000000 fp=00000000 br=00000004 ar=00000000 dr=00000000 pc=00000003 nzvc=0
    34                                          | d0=00000000 d1=00000000 d2=00000000 d3=00000000 a0=00000000 a1=00000000 a2=00000000 a3=00000000 sp=00000000 fp=00000000 br=00000004 ar=00000000 dr=00000000 pc=00000003 nzvc=0
    35                                          | d0=00000000 d1=00000000 d2=00000000 d3=00000000 a0=00000000 a1=00000000 a2=00000000 a3=00000000 sp=00000000 fp=00000000 br=00000004 ar=00000000 dr=00000000 pc=00000003 nzvc=0
    36                                          | d0=00000000 d1=00000000 d2=00000000 d3=00000000 a0=00000000 a1=00000000 a2=00000000 a3=00000000 sp=00000000 fp=00000000 br=00000004 ar=00000000 dr=00000000 pc=00000003 nzvc=0
    37                                          | d0=00000000 d1=00000000 d2=00000000 d3=00000000 a0=00000000 a1=00000000 a2=00000000 a3=00000000 sp=00000000 fp=00000000 br=00000004 ar=00000000 dr=00000000 pc=00000003 nzvc=0
    38                                          | d0=00000000 d1=00000000 d2=00000000 d3=00000000 a0=00000000 a1=00000000 a2=00000000 a3=00000000 sp=00000000 fp=00000000 br=00000004 ar=00000000 dr=00000000 pc=00000003 nzvc=0
    39 m5_1 im_read                             | d0=00000000 d1=00000000 d2=00000000 d3=00000000 a0=00000000 a1=00000000 a2=00000000 a3=00000000 sp=00000000 fp=00000000 br=00000004 ar=00000000 dr=00000000 pc=00000003 nzvc=0
    40                                          | d0=00000000 d1=00000000 d2=00000000 d3=00000000 a0=00000000 a1=00000000 a2=00000000 a3=00000000 sp=00000000 fp=00000000 br=00000004 ar=00000000 dr=00000000 pc=00000003 nzvc=0
    41 m5_1 im_read                             | d0=00000000 d1=00000000 d2=00000000 d3=00000000 a0=00000000 a1=00000000 a2=00000000 a3=00000000 sp=00000000 fp=00000000 br=00000004 ar=00000000 dr=00000000 pc=00000003 nzvc=0
    42                                          | d0=00000000 d1=00000000 d2=00000000 d3=00000000 a0=00000000 a1=00000000 a2=00000000 a3=00000000 sp=00000000 fp=00000000 br=00000004 ar=00000000 dr=00000000 pc=00000003 nzvc=0
    43 m5_1 im_read                             | d0=00000000 d1=00000000 d2=00000000 d3=00000000 a0=00000000 a1=00000000 a2=00000000 a3=00000000 sp=00000000 fp=00000000 br=00000004 ar=00000000 dr=00000000 pc=00000003 nzvc=0
    44                                          | d0=00000000 d1=00000000 d2=00000000 d3=00000000 a0=00000000 a1=00000000 a2=00000000 a3=00000000 sp=00000000 fp=00000000 br=00000004 ar=00000000 dr=00000000 pc=00000003 nzvc=0
    45 m5_1 sum_shrt latch_br latch_pc          | d0=00000000 d1=00000000 d2=00000000 d3=00000000 a0=00000000 a1=00000000 a2=00000000 a3=00000000 sp=00000000 fp=00000000 br=00000000 ar=00000000 dr=00000000 pc=00000004 nzvc=0
    46                                          | d0=00000000 d1=00000000 d2=00000000 d3=00000000 a0=00000000 a1=00000000 a2=00000000 a3=00000000 sp=00000000 fp=00000000 br=00000000 ar=00000000 dr=00000000 pc=00000004 nzvc=0
    47 m1_d0 latch_op1                          | d0=00000000 d1=00000000 d2=00000000 d3=00000000 a0=00000000 a1=00000000 a2=00000000 a3=00000000 sp=00000000 fp=00000000 br=00000000 ar=00000000 dr=00000000 pc=00000004 nzvc=0
    48 alu_pass latch_alu_res                   | d0=00000000 d1=00000000 d2=00000000 d3=00000000 a0=00000000 a1=00000000 a2=00000000 a3=00000000 sp=00000000 fp=00000000 br=00000000 ar=00000000 dr=00000000 pc=00000004 nzvc=0
    49 m3_alu_res latch_dr                      | d0=00000000 d1=00000000 d2=00000000 d3=00000000 a0=00000000 a1=00000000 a2=00000000 a3=00000000 sp=00000000 fp=00000000 br=00000000 ar=00000000 dr=00000000 pc=00000004 nzvc=0
    50                                          | d0=00000000 d1=00000000 d2=00000000 d3=00000000 a0=00000000 a1=00000000 a2=00000000 a3=00000000 sp=00000000 fp=00000000 br=00000000 ar=00000000 dr=00000000 pc=00000004 nzvc=0
    51                                          | d0=00000000 d1=00000000 d2=00000000 d3=00000000 a0=00000000 a1=00000000 a2=00000000 a3=00000000 sp=00000000 fp=00000000 br=00000000 ar=00000000 dr=00000000 pc=00000004 nzvc=0
    52 dm_write                                 | d0=00000000 d1=00000000 d2=00000000 d3=00000000 a0=00000000 a1=00000000 a2=00000000 a3=00000000 sp=00000000 fp=00000000 br=00000000 ar=00000000 dr=00000000 pc=00000004 nzvc=0
    53                                          | d0=00000000 d1=00000000 d2=00000000 d3=00000000 a0=00000000 a1=00000000 a2=00000000 a3=00000000 sp=00000000 fp=00000000 br=00000000 ar=00000000 dr=00000000 pc=00000004 nzvc=0
    54 dm_write                                 | d0=00000000 d1=00000000 d2=00000000 d3=00000000 a0=00000000 a1=00000000 a2=00000000 a3=00000000 sp=00000000 fp=00000000 br=00000000 ar=00000000 dr=00000000 pc=00000004 nzvc=0
    55                                          | d0=00000000 d1=00000000 d2=00000000 d3=00000000 a0=00000000 a1=00000000 a2=00000000 a3=00000000 sp=00000000 fp=00000000 br=00000000 ar=00000000 dr=00000000 pc=00000004 nzvc=0
    56 dm_write                                 | d0=00000000 d1=00000000 d2=00000000 d3=00000000 a0=00000000 a1=00000000 a2=00000000 a3=00000000 sp=00000000 fp=00000000 br=00000000 ar=00000000 dr=00000000 pc=00000004 nzvc=0
    57                                          | d0=00000000 d1=00000000 d2=00000000 d3=00000000 a0=00000000 a1=00000000 a2=00000000 a3=00000000 sp=00000000 fp=00000000 br=00000000 ar=00000000 dr=00000000 pc=00000004 nzvc=0
    58                                          | d0=00000000 d1=00000000 d2=00000000 d3=00000000 a0=00000000 a1=00000000 a2=00000000 a3=00000000 sp=00000000 fp=00000000 br=00000000 ar=00000000 dr=00000000 pc=00000004 nzvc=0
    59                                          | d0=00000000 d1=00000000 d2=00000000 d3=00000000 a0=00000000 a1=00000000 a2=00000000 a3=00000000 sp=00000000 fp=00000000 br=00000000 ar=00000000 dr=00000000 pc=00000004 nzvc=0
    60 m5_2 im_read                             | d0=00000000 d1=00000000 d2=00000000 d3=00000000 a0=00000000 a1=00000000 a2=00000000 a3=00000000 sp=00000000 fp=00000000 br=00000000 ar=00000000 dr=00000000 pc=00000004 nzvc=0
    61                                          | d0=00000000 d1=00000000 d2=00000000 d3=00000000 a0=00000000 a1=00000000 a2=00000000 a3=00000000 sp=00000000 fp=00000000 br=00000000 ar=00000000 dr=00000000 pc=00000004 nzvc=0
    62 m5_2 im_read                             | d0=00000000 d1=00000000 d2=00000000 d3=00000000 a0=00000000 a1=00000000 a2=00000000 a3=00000000 sp=00000000 fp=00000000 br=00000000 ar=00000000 dr=00000000 pc=00000004 nzvc=0
    63                                          | d0=00000000 d1=00000000 d2=00000000 d3=00000000 a0=00000000 a1=00000000 a2=00000000 a3=00000000 sp=00000000 fp=00000000 br=00000000 ar=00000000 dr=00000000 pc=00000004 nzvc=0
    64 m5_2 im_read                             | d0=00000000 d1=00000000 d2=00000000 d3=00000000 a0=00000000 a1=00000000 a2=00000000 a3=00000000 sp=00000000 fp=00000000 br=00000000 ar=00000000 dr=00000000 pc=00000004 nzvc=0
    65                                          | d0=00000000 d1=00000000 d2=00000000 d3=00000000 a0=00000000 a1=00000000 a2=00000000 a3=00000000 sp=00000000 fp=00000000 br=00000000 ar=00000000 dr=00000000 pc=00000004 nzvc=0
    66 m5_2 sum_shrt latch_br latch_pc          | d0=00000000 d1=00000000 d2=00000000 d3=00000000 a0=00000000 a1=00000000 a2=00000000 a3=00000000 sp=00000000 fp=00000000 br=00000000 ar=00000000 dr=00000000 pc=00000006 nzvc=0
    67                                          | d0=00000000 d1=00000000 d2=00000000 d3=00000000 a0=00000000 a1=00000000 a2=00000000 a3=00000000 sp=00000000 fp=00000000 br=00000000 ar=00000000 dr=00000000 pc=00000006 nzvc=0  ; ?
    68                                          | d0=00000000 d1=00000000 d2=00000000 d3=00000000 a0=00000000 a1=00000000 a2=00000000 a3=00000000 sp=00000000 fp=00000000 br=00000000 ar=00000000 dr=00000000 pc=00000006 nzvc=0
    69                                          | d0=00000000 d1=00000000 d2=00000000 d3=00000000 a0=00000000 a1=00000000 a2=00000000 a3=00000000 sp=00000000 fp=00000000 br=00000000 ar=00000000 dr=00000000 pc=00000006 nzvc=0
    70                                          | d0=00000000 d1=00000000 d2=00000000 d3=00000000 a0=00000000 a1=00000000 a2=00000000 a3=00000000 sp=00000000 fp=00000000 br=00000000 ar=00000000 dr=00000000 pc=00000006 nzvc=0
; HALT (uPC=13) at tick 70
=== IO OUTPUT ===
